<?xml version="1.0" encoding="UTF-8"?>
<!-- Generated by org.testng.reporters.JUnitXMLReporter -->
<testsuite ignored="0" hostname="PrashantVICTUS" failures="0" tests="6" name="Adactin Autmation App Test" time="108.737" errors="0" timestamp="2022-04-17T18:09:12 IST">
  <testcase classname="com.test.Login001" name="FillData" time="10.28"/>
  <testcase classname="com.test.Login001" name="FillData" time="10.291"/>
  <testcase classname="com.test.Login001" name="FillData" time="10.245"/>
  <testcase classname="com.test.Login001" name="FillData" time="10.252"/>
  <testcase classname="com.test.Login001" name="FillData" time="10.261"/>
  <testcase classname="com.test.Login001" name="FillData" time="10.29"/>
</testsuite> <!-- Adactin Autmation App Test -->
