<?xml version="1.0" encoding="UTF-8"?>
<!-- Generated by org.testng.reporters.JUnitXMLReporter -->
<testsuite ignored="0" hostname="PrashantVICTUS" failures="0" tests="5" name="Chrome Test" time="11.834" errors="0" timestamp="2022-11-24T00:15:47 IST">
  <testcase classname="com.test.LoginFacebookWithDATA_PROVIDER2" name="test1" time="0.085"/>
  <testcase classname="com.test.LoginFacebookWithDATA_PROVIDER2" name="test2" time="0.048"/>
  <testcase classname="com.test.LoginFacebookWithDATA_PROVIDER2" name="test3" time="0.036"/>
  <testcase classname="com.test.LoginFacebookWithDATA_PROVIDER2" name="test4" time="0.066"/>
  <testcase classname="com.test.LoginFacebookWithDATA_PROVIDER2" name="test5" time="1.085"/>
</testsuite> <!-- Chrome Test -->
