<?xml version="1.0" encoding="UTF-8"?>
<!-- Generated by org.testng.reporters.JUnitXMLReporter -->
<testsuite ignored="0" hostname="PrashantVICTUS" failures="0" tests="5" name="Edge Test" time="24.688" errors="0" timestamp="2022-11-24T00:16:00 IST">
  <testcase classname="com.test.LoginFacebookWithDATA_PROVIDER2" name="test1" time="0.042"/>
  <testcase classname="com.test.LoginFacebookWithDATA_PROVIDER2" name="test2" time="0.043"/>
  <testcase classname="com.test.LoginFacebookWithDATA_PROVIDER2" name="test3" time="0.036"/>
  <testcase classname="com.test.LoginFacebookWithDATA_PROVIDER2" name="test4" time="0.037"/>
  <testcase classname="com.test.LoginFacebookWithDATA_PROVIDER2" name="test5" time="1.624"/>
</testsuite> <!-- Edge Test -->
