<?xml version="1.0" encoding="UTF-8"?>
<testng-results ignored="0" total="2" passed="2" failed="0" skipped="0">
  <reporter-output>
  </reporter-output>
  <suite started-at="2022-12-04T14:56:47 IST" name="Default suite" finished-at="2022-12-04T14:57:06 IST" duration-ms="19117">
    <groups>
    </groups>
    <test started-at="2022-12-04T14:56:47 IST" name="Default test" finished-at="2022-12-04T14:57:06 IST" duration-ms="19117">
      <class name="WikiTest">
        <test-method is-config="true" signature="setup()[pri:0, instance:WikiTest@43dac38f]" started-at="2022-12-04T14:56:47 IST" name="setup" finished-at="2022-12-04T14:56:49 IST" duration-ms="1852" status="PASS">
          <reporter-output>
          </reporter-output>
        </test-method> <!-- setup -->
        <test-method signature="getReleaseDate()[pri:1, instance:WikiTest@43dac38f]" started-at="2022-12-04T14:56:49 IST" name="getReleaseDate" finished-at="2022-12-04T14:56:52 IST" duration-ms="3612" status="PASS">
          <reporter-output>
          </reporter-output>
        </test-method> <!-- getReleaseDate -->
        <test-method is-config="true" signature="tearDown()[pri:0, instance:WikiTest@43dac38f]" started-at="2022-12-04T14:56:52 IST" name="tearDown" finished-at="2022-12-04T14:56:55 IST" duration-ms="2156" status="PASS">
          <reporter-output>
          </reporter-output>
        </test-method> <!-- tearDown -->
        <test-method is-config="true" signature="setup()[pri:0, instance:WikiTest@43dac38f]" started-at="2022-12-04T14:56:55 IST" name="setup" finished-at="2022-12-04T14:56:55 IST" duration-ms="754" status="PASS">
          <reporter-output>
          </reporter-output>
        </test-method> <!-- setup -->
        <test-method signature="getCountryName()[pri:2, instance:WikiTest@43dac38f]" started-at="2022-12-04T14:56:55 IST" name="getCountryName" finished-at="2022-12-04T14:57:04 IST" duration-ms="8519" status="PASS">
          <reporter-output>
          </reporter-output>
        </test-method> <!-- getCountryName -->
        <test-method is-config="true" signature="tearDown()[pri:0, instance:WikiTest@43dac38f]" started-at="2022-12-04T14:57:04 IST" name="tearDown" finished-at="2022-12-04T14:57:06 IST" duration-ms="2193" status="PASS">
          <reporter-output>
          </reporter-output>
        </test-method> <!-- tearDown -->
      </class> <!-- WikiTest -->
    </test> <!-- Default test -->
  </suite> <!-- Default suite -->
</testng-results>
